[debug] > Exec(early(addDefaultCommands), None, None)
[debug] > Exec(addDefaultCommands, None, None)
[debug] > Exec(early(initialize), None, None)
[debug] > Exec(initialize, None, None)
[debug] > Exec(boot, None, None)
[debug] > Exec(writeSbtVersion, None, None)
[debug] > Exec(reload, None, None)
[debug] > Exec(sbtStashOnFailure, None, None)
[debug] > Exec(onFailure loadFailed, None, None)
[debug] > Exec(loadp, None, None)
[info] welcome to sbt 1.6.2 (Private Build Java 1.8.0_312)
[debug] Load.defaultLoad until apply took 754.974759ms
[debug]           Load.loadUnit: plugins took 209.994392ms
[debug]           Load.loadUnit: defsScala took 0.738293ms
[debug] [Loading] Scanning directory /root/IdeaProjects/kafka/project
[debug] [Loading] Found non-root projects 
[debug] [Loading] Done in /root/IdeaProjects/kafka/project, returning: ()
[debug] deducing auto plugins based on known facts Set(Atom(sbt.plugins.CorePlugin)) and clauses Clauses(Clause(Atom(sbt.plugins.JvmPlugin),Set(Atom(sbt.plugins.IvyPlugin)))
[debug] Clause(Atom(sbt.ScriptedPlugin),Set(Atom(sbt.plugins.JvmPlugin)))
[debug] Clause(Atom(sbt.plugins.SbtPlugin),Set(Atom(sbt.ScriptedPlugin)))
[debug] Clause(Atom(sbt.plugins.SemanticdbPlugin),Set(Atom(sbt.plugins.JvmPlugin)))
[debug] Clause(Atom(sbt.plugins.JUnitXmlReportPlugin),Set(Atom(sbt.plugins.JvmPlugin)))
[debug] Clause(Atom(sbt.plugins.MiniDependencyTreePlugin),Set(Atom(sbt.plugins.JvmPlugin)))
[debug] Clause(Atom(sbt.plugins.CorePlugin),Set(Atom(sbt.plugins.IvyPlugin)))
[debug] Clause(Atom(sbt.plugins.IvyPlugin),Set(Atom(sbt.plugins.JvmPlugin)))
[debug] Clause(Atom(sbt.plugins.JvmPlugin),Set(Atom(sbt.plugins.SemanticdbPlugin)))
[debug] Clause(Atom(sbt.plugins.JvmPlugin),Set(Atom(sbt.plugins.JUnitXmlReportPlugin)))
[debug] Clause(Atom(sbt.plugins.CorePlugin),Set(Atom(sbt.plugins.Giter8TemplatePlugin)))
[debug] Clause(Atom(sbt.plugins.JvmPlugin),Set(Atom(sbt.plugins.MiniDependencyTreePlugin))))
[debug]   :: deduced result: Matched(sbt.plugins.CorePlugin,sbt.plugins.Giter8TemplatePlugin,sbt.plugins.IvyPlugin,sbt.plugins.JvmPlugin,sbt.plugins.MiniDependencyTreePlugin,sbt.plugins.JUnitXmlReportPlugin,sbt.plugins.SemanticdbPlugin)
[debug] Plugins.deducer#function took 28.399742 ms
[debug]               Load.resolveProject(kafka-build) took 54.213254ms
[debug]             Load.loadTransitive: finalizeProject(Project(id kafka-build, base: /root/IdeaProjects/kafka/project, plugins: List(<none>))) took 113.974176ms
[debug] [Loading] Done in /root/IdeaProjects/kafka/project, returning: (kafka-build)
[debug]           Load.loadUnit: loadedProjectsRaw took 147.165909ms
[debug]           Load.loadUnit: cleanEvalClasses took 0.344865ms
[debug]         Load.loadUnit(file:/root/IdeaProjects/kafka/project/, ...) took 368.536918ms
[debug]       Load.apply: load took 533.893308ms
[debug]       Load.apply: resolveProjects took 5.442853ms
[debug]       Load.apply: finalTransforms took 67.337075ms
[debug]       Load.apply: config.delegates took 7.221996ms
[debug]       Load.apply: Def.make(settings)... took 590.934986ms
[debug]       Load.apply: structureIndex took 105.016919ms
[debug]       Load.apply: mkStreams took 1.881187ms
[info] loading project definition from /root/IdeaProjects/kafka/project
[debug] Running task... Cancel: Signal, check cycles: false, forcegc: true
[debug]     Load.loadUnit: plugins took 2631.048161ms
[debug]     Load.loadUnit: defsScala took 0.005441ms
[debug] [Loading] Scanning directory /root/IdeaProjects/kafka
[debug]       Load.loadUnit: mkEval took 10.934272ms
[debug] [Loading] Found root project root w/ remaining 
[debug] deducing auto plugins based on known facts Set(Atom(sbt.plugins.CorePlugin)) and clauses Clauses(Clause(Atom(sbt.plugins.JvmPlugin),Set(Atom(sbt.plugins.IvyPlugin)))
[debug] Clause(Atom(sbt.ScriptedPlugin),Set(Atom(sbt.plugins.JvmPlugin)))
[debug] Clause(Atom(sbt.plugins.SbtPlugin),Set(Atom(sbt.ScriptedPlugin)))
[debug] Clause(Atom(sbt.plugins.SemanticdbPlugin),Set(Atom(sbt.plugins.JvmPlugin)))
[debug] Clause(Atom(sbt.plugins.JUnitXmlReportPlugin),Set(Atom(sbt.plugins.JvmPlugin)))
[debug] Clause(Atom(sbt.plugins.MiniDependencyTreePlugin),Set(Atom(sbt.plugins.JvmPlugin)))
[debug] Clause(Atom(sbt.plugins.CorePlugin),Set(Atom(sbt.plugins.IvyPlugin)))
[debug] Clause(Atom(sbt.plugins.IvyPlugin),Set(Atom(sbt.plugins.JvmPlugin)))
[debug] Clause(Atom(sbt.plugins.JvmPlugin),Set(Atom(sbt.plugins.SemanticdbPlugin)))
[debug] Clause(Atom(sbt.plugins.JvmPlugin),Set(Atom(sbt.plugins.JUnitXmlReportPlugin)))
[debug] Clause(Atom(sbt.plugins.CorePlugin),Set(Atom(sbt.plugins.Giter8TemplatePlugin)))
[debug] Clause(Atom(sbt.plugins.JvmPlugin),Set(Atom(sbt.plugins.MiniDependencyTreePlugin))))
[debug]   :: deduced result: Matched(sbt.plugins.CorePlugin,sbt.plugins.Giter8TemplatePlugin,sbt.plugins.IvyPlugin,sbt.plugins.JvmPlugin,sbt.plugins.MiniDependencyTreePlugin,sbt.plugins.JUnitXmlReportPlugin,sbt.plugins.SemanticdbPlugin)
[debug] Plugins.deducer#function took 1.502442 ms
[info] loading settings for project root from build.sbt ...
[debug]         Load.resolveProject(root) took 2.319574ms
[debug]       Load.loadTransitive: finalizeProject(Project(id root, base: /root/IdeaProjects/kafka, plugins: List(<none>))) took 4.852618ms
[debug] [Loading] Done in /root/IdeaProjects/kafka, returning: (root)
[debug]     Load.loadUnit: loadedProjectsRaw took 2541.048112ms
[debug]     Load.loadUnit: cleanEvalClasses took 6.326044ms
[debug]   Load.loadUnit(file:/root/IdeaProjects/kafka/, ...) took 5180.147941ms
[debug] Load.apply: load took 5260.975767ms
[debug] Load.apply: resolveProjects took 0.248216ms
[debug] Load.apply: finalTransforms took 15.31386ms
[debug] Load.apply: config.delegates took 0.860144ms
[debug] Load.apply: Def.make(settings)... took 130.878382ms
[debug] Load.apply: structureIndex took 26.712322ms
[debug] Load.apply: mkStreams took 0.002731ms
[info] set current project to kafka (in build file:/root/IdeaProjects/kafka/)
[debug] > Exec(sbtPopOnFailure, None, None)
[debug] > Exec(resumeFromFailure, None, None)
[debug] > Exec(notifyUsersAboutShell, None, None)
[debug] > Exec(iflast shell, None, None)
[debug] > Exec(shell, None, None)
[info] sbt server started at local:///root/.sbt/1.0/server/1243c06e8d65901edda1/sock
[debug] Writing bsp connection file
[info] started sbt server
