[debug] > Exec(early(addDefaultCommands), None, None)
[debug] > Exec(addDefaultCommands, None, None)
[debug] > Exec(early(initialize), None, None)
[debug] > Exec(initialize, None, None)
[debug] > Exec(boot, None, None)
[debug] > Exec(writeSbtVersion, None, None)
[debug] > Exec(reload, None, None)
[debug] > Exec(sbtStashOnFailure, None, None)
[debug] > Exec(onFailure loadFailed, None, None)
[debug] > Exec(loadp, None, None)
[info] welcome to sbt 1.6.2 (Private Build Java 1.8.0_312)
[debug] Load.defaultLoad until apply took 5203.084961ms
[debug]           Load.loadUnit: plugins took 975.796057ms
[debug]           Load.loadUnit: defsScala took 2.386726ms
[debug] [Loading] Scanning directory /root/IdeaProjects/kafka/project
[debug] [Loading] Found non-root projects 
[debug] [Loading] Done in /root/IdeaProjects/kafka/project, returning: ()
[debug] deducing auto plugins based on known facts Set(Atom(sbt.plugins.CorePlugin)) and clauses Clauses(Clause(Atom(sbt.plugins.JvmPlugin),Set(Atom(sbt.plugins.IvyPlugin)))
[debug] Clause(Atom(sbt.ScriptedPlugin),Set(Atom(sbt.plugins.JvmPlugin)))
[debug] Clause(Atom(sbt.plugins.SbtPlugin),Set(Atom(sbt.ScriptedPlugin)))
[debug] Clause(Atom(sbt.plugins.SemanticdbPlugin),Set(Atom(sbt.plugins.JvmPlugin)))
[debug] Clause(Atom(sbt.plugins.JUnitXmlReportPlugin),Set(Atom(sbt.plugins.JvmPlugin)))
[debug] Clause(Atom(sbt.plugins.MiniDependencyTreePlugin),Set(Atom(sbt.plugins.JvmPlugin)))
[debug] Clause(Atom(sbt.plugins.CorePlugin),Set(Atom(sbt.plugins.IvyPlugin)))
[debug] Clause(Atom(sbt.plugins.IvyPlugin),Set(Atom(sbt.plugins.JvmPlugin)))
[debug] Clause(Atom(sbt.plugins.JvmPlugin),Set(Atom(sbt.plugins.SemanticdbPlugin)))
[debug] Clause(Atom(sbt.plugins.JvmPlugin),Set(Atom(sbt.plugins.JUnitXmlReportPlugin)))
[debug] Clause(Atom(sbt.plugins.CorePlugin),Set(Atom(sbt.plugins.Giter8TemplatePlugin)))
[debug] Clause(Atom(sbt.plugins.JvmPlugin),Set(Atom(sbt.plugins.MiniDependencyTreePlugin))))
[debug]   :: deduced result: Matched(sbt.plugins.CorePlugin,sbt.plugins.Giter8TemplatePlugin,sbt.plugins.IvyPlugin,sbt.plugins.JvmPlugin,sbt.plugins.MiniDependencyTreePlugin,sbt.plugins.JUnitXmlReportPlugin,sbt.plugins.SemanticdbPlugin)
[debug] Plugins.deducer#function took 161.326329 ms
[debug]               Load.resolveProject(kafka-build) took 270.512799ms
[debug]             Load.loadTransitive: finalizeProject(Project(id kafka-build, base: /root/IdeaProjects/kafka/project, plugins: List(<none>))) took 647.67314ms
[debug] [Loading] Done in /root/IdeaProjects/kafka/project, returning: (kafka-build)
[debug]           Load.loadUnit: loadedProjectsRaw took 771.099264ms
[debug]           Load.loadUnit: cleanEvalClasses took 2.303525ms
[debug]         Load.loadUnit(file:/root/IdeaProjects/kafka/project/, ...) took 1785.566636ms
[debug]       Load.apply: load took 2709.600839ms
[debug]       Load.apply: resolveProjects took 47.297507ms
[debug]       Load.apply: finalTransforms took 342.157367ms
[debug]       Load.apply: config.delegates took 75.188806ms
[debug]       Load.apply: Def.make(settings)... took 2887.387946ms
[debug]       Load.apply: structureIndex took 406.297155ms
[debug]       Load.apply: mkStreams took 7.017775ms
[info] loading project definition from /root/IdeaProjects/kafka/project
[debug] Running task... Cancel: Signal, check cycles: false, forcegc: true
[debug]     Load.loadUnit: plugins took 17061.372561ms
[debug]     Load.loadUnit: defsScala took 0.0284ms
[debug] [Loading] Scanning directory /root/IdeaProjects/kafka
[debug]       Load.loadUnit: mkEval took 82.965088ms
[debug] [Loading] Found root project root w/ remaining 
[debug] deducing auto plugins based on known facts Set(Atom(sbt.plugins.CorePlugin)) and clauses Clauses(Clause(Atom(sbt.plugins.JvmPlugin),Set(Atom(sbt.plugins.IvyPlugin)))
[debug] Clause(Atom(sbt.ScriptedPlugin),Set(Atom(sbt.plugins.JvmPlugin)))
[debug] Clause(Atom(sbt.plugins.SbtPlugin),Set(Atom(sbt.ScriptedPlugin)))
[debug] Clause(Atom(sbt.plugins.SemanticdbPlugin),Set(Atom(sbt.plugins.JvmPlugin)))
[debug] Clause(Atom(sbt.plugins.JUnitXmlReportPlugin),Set(Atom(sbt.plugins.JvmPlugin)))
[debug] Clause(Atom(sbt.plugins.MiniDependencyTreePlugin),Set(Atom(sbt.plugins.JvmPlugin)))
[debug] Clause(Atom(sbt.plugins.CorePlugin),Set(Atom(sbt.plugins.IvyPlugin)))
[debug] Clause(Atom(sbt.plugins.IvyPlugin),Set(Atom(sbt.plugins.JvmPlugin)))
[debug] Clause(Atom(sbt.plugins.JvmPlugin),Set(Atom(sbt.plugins.SemanticdbPlugin)))
[debug] Clause(Atom(sbt.plugins.JvmPlugin),Set(Atom(sbt.plugins.JUnitXmlReportPlugin)))
[debug] Clause(Atom(sbt.plugins.CorePlugin),Set(Atom(sbt.plugins.Giter8TemplatePlugin)))
[debug] Clause(Atom(sbt.plugins.JvmPlugin),Set(Atom(sbt.plugins.MiniDependencyTreePlugin))))
[debug]   :: deduced result: Matched(sbt.plugins.CorePlugin,sbt.plugins.Giter8TemplatePlugin,sbt.plugins.IvyPlugin,sbt.plugins.JvmPlugin,sbt.plugins.MiniDependencyTreePlugin,sbt.plugins.JUnitXmlReportPlugin,sbt.plugins.SemanticdbPlugin)
[debug] Plugins.deducer#function took 6.036465 ms
[info] loading settings for project root from build.sbt ...
[debug]         Load.resolveProject(root) took 13.435644ms
[debug]       Load.loadTransitive: finalizeProject(Project(id root, base: /root/IdeaProjects/kafka, plugins: List(<none>))) took 26.918889ms
[debug] [Loading] Done in /root/IdeaProjects/kafka, returning: (root)
[debug]     Load.loadUnit: loadedProjectsRaw took 1997.942617ms
[debug]     Load.loadUnit: cleanEvalClasses took 41.572845ms
[debug]   Load.loadUnit(file:/root/IdeaProjects/kafka/, ...) took 19108.144002ms
[debug] Load.apply: load took 19315.514824ms
[debug] Load.apply: resolveProjects took 0.213202ms
[debug] Load.apply: finalTransforms took 77.720233ms
[debug] Load.apply: config.delegates took 6.865173ms
[debug] Load.apply: Def.make(settings)... took 399.219779ms
[debug] Load.apply: structureIndex took 80.952567ms
[debug] Load.apply: mkStreams took 0.022801ms
[info] set current project to kafka (in build file:/root/IdeaProjects/kafka/)
[debug] > Exec(sbtPopOnFailure, None, None)
[debug] > Exec(resumeFromFailure, None, None)
[debug] > Exec(notifyUsersAboutShell, None, None)
[debug] > Exec(iflast shell, None, None)
[debug] > Exec(shell, None, None)
[info] sbt server started at local:///root/.sbt/1.0/server/1243c06e8d65901edda1/sock
[debug] Writing bsp connection file
[info] started sbt server
